Determining if the pthread_create exist failed with the following output:
Change Dir: /tmp/tmp.rdyrtC2zJf/cmake-build-debug/CMakeFiles/CMakeTmp

Run Build Command:"/usr/bin/make" "cmTC_a1f7e/fast"
/usr/bin/make -f CMakeFiles/cmTC_a1f7e.dir/build.make CMakeFiles/cmTC_a1f7e.dir/build
make[1]: 进入目录“/tmp/tmp.rdyrtC2zJf/cmake-build-debug/CMakeFiles/CMakeTmp”
Building C object CMakeFiles/cmTC_a1f7e.dir/CheckSymbolExists.c.o
/usr/bin/gcc     -o CMakeFiles/cmTC_a1f7e.dir/CheckSymbolExists.c.o   -c /tmp/tmp.rdyrtC2zJf/cmake-build-debug/CMakeFiles/CMakeTmp/CheckSymbolExists.c
Linking C executable cmTC_a1f7e
/usr/local/bin/cmake -E cmake_link_script CMakeFiles/cmTC_a1f7e.dir/link.txt --verbose=1
/usr/bin/gcc       CMakeFiles/cmTC_a1f7e.dir/CheckSymbolExists.c.o  -o cmTC_a1f7e -rdynamic 
CMakeFiles/cmTC_a1f7e.dir/CheckSymbolExists.c.o：在函数‘main’中：
CheckSymbolExists.c:(.text+0x16)：对‘pthread_create’未定义的引用
collect2: 错误：ld 返回 1
make[1]: *** [cmTC_a1f7e] 错误 1
make[1]: 离开目录“/tmp/tmp.rdyrtC2zJf/cmake-build-debug/CMakeFiles/CMakeTmp”
make: *** [cmTC_a1f7e/fast] 错误 2

File /tmp/tmp.rdyrtC2zJf/cmake-build-debug/CMakeFiles/CMakeTmp/CheckSymbolExists.c:
/* */
#include <pthread.h>

int main(int argc, char** argv)
{
  (void)argv;
#ifndef pthread_create
  return ((int*)(&pthread_create))[argc];
#else
  (void)argc;
  return 0;
#endif
}

